{"F:\\Projects\\2nd file for conflicts\\HRManagement_Backend\\s3Uploader.js": {"path":"F:\\Projects\\2nd file for conflicts\\HRManagement_Backend\\s3Uploader.js","statementMap":{"0":{"start":{"line":2,"column":15},"end":{"line":2,"column":32}},"1":{"start":{"line":3,"column":17},"end":{"line":3,"column":37}},"2":{"start":{"line":4,"column":11},"end":{"line":4,"column":32}},"3":{"start":{"line":5,"column":0},"end":{"line":5,"column":27}},"4":{"start":{"line":7,"column":15},"end":{"line":20,"column":2}},"5":{"start":{"line":13,"column":6},"end":{"line":13,"column":46}},"6":{"start":{"line":16,"column":23},"end":{"line":16,"column":70}},"7":{"start":{"line":17,"column":6},"end":{"line":17,"column":25}},"8":{"start":{"line":22,"column":0},"end":{"line":22,"column":24}}},"fnMap":{"0":{"name":"(anonymous_0)","decl":{"start":{"line":12,"column":14},"end":{"line":12,"column":15}},"loc":{"start":{"line":12,"column":39},"end":{"line":14,"column":5}},"line":12},"1":{"name":"(anonymous_1)","decl":{"start":{"line":15,"column":9},"end":{"line":15,"column":10}},"loc":{"start":{"line":15,"column":34},"end":{"line":18,"column":5}},"line":15}},"branchMap":{},"s":{"0":1,"1":1,"2":1,"3":1,"4":1,"5":0,"6":0,"7":0,"8":1},"f":{"0":0,"1":0},"b":{},"_coverageSchema":"1a1c01bbd47fc00a2c39e90264f33305004495a9","hash":"9bf5e927cc6c2882c8d3eb7930558b0b30b3e19a"}
,"F:\\Projects\\2nd file for conflicts\\HRManagement_Backend\\s3config.js": {"path":"F:\\Projects\\2nd file for conflicts\\HRManagement_Backend\\s3config.js","statementMap":{"0":{"start":{"line":2,"column":21},"end":{"line":2,"column":50}},"1":{"start":{"line":3,"column":0},"end":{"line":3,"column":27}},"2":{"start":{"line":5,"column":11},"end":{"line":11,"column":2}},"3":{"start":{"line":13,"column":0},"end":{"line":13,"column":20}}},"fnMap":{},"branchMap":{},"s":{"0":1,"1":1,"2":1,"3":1},"f":{},"b":{},"_coverageSchema":"1a1c01bbd47fc00a2c39e90264f33305004495a9","hash":"34d0533e0c917690f254c5fe2cd838eaffeb4534"}
,"F:\\Projects\\2nd file for conflicts\\HRManagement_Backend\\server.js": {"path":"F:\\Projects\\2nd file for conflicts\\HRManagement_Backend\\server.js","statementMap":{"0":{"start":{"line":1,"column":16},"end":{"line":1,"column":34}},"1":{"start":{"line":2,"column":17},"end":{"line":2,"column":36}},"2":{"start":{"line":3,"column":19},"end":{"line":3,"column":41}},"3":{"start":{"line":4,"column":13},"end":{"line":4,"column":28}},"4":{"start":{"line":5,"column":15},"end":{"line":5,"column":32}},"5":{"start":{"line":6,"column":12},"end":{"line":6,"column":21}},"6":{"start":{"line":7,"column":0},"end":{"line":7,"column":27}},"7":{"start":{"line":9,"column":22},"end":{"line":9,"column":54}},"8":{"start":{"line":10,"column":25},"end":{"line":10,"column":60}},"9":{"start":{"line":11,"column":25},"end":{"line":11,"column":56}},"10":{"start":{"line":12,"column":22},"end":{"line":12,"column":50}},"11":{"start":{"line":13,"column":22},"end":{"line":13,"column":53}},"12":{"start":{"line":14,"column":19},"end":{"line":14,"column":47}},"13":{"start":{"line":15,"column":18},"end":{"line":15,"column":48}},"14":{"start":{"line":16,"column":20},"end":{"line":16,"column":49}},"15":{"start":{"line":17,"column":19},"end":{"line":17,"column":47}},"16":{"start":{"line":19,"column":13},"end":{"line":19,"column":37}},"17":{"start":{"line":22,"column":0},"end":{"line":22,"column":16}},"18":{"start":{"line":23,"column":0},"end":{"line":23,"column":27}},"19":{"start":{"line":27,"column":0},"end":{"line":27,"column":41}},"20":{"start":{"line":28,"column":0},"end":{"line":28,"column":46}},"21":{"start":{"line":29,"column":0},"end":{"line":29,"column":40}},"22":{"start":{"line":30,"column":0},"end":{"line":30,"column":47}},"23":{"start":{"line":31,"column":0},"end":{"line":31,"column":40}},"24":{"start":{"line":32,"column":0},"end":{"line":32,"column":34}},"25":{"start":{"line":33,"column":0},"end":{"line":33,"column":19}},"26":{"start":{"line":35,"column":0},"end":{"line":35,"column":34}},"27":{"start":{"line":36,"column":0},"end":{"line":36,"column":33}},"28":{"start":{"line":38,"column":12},"end":{"line":38,"column":30}},"29":{"start":{"line":46,"column":0},"end":{"line":50,"column":56}},"30":{"start":{"line":48,"column":4},"end":{"line":48,"column":51}},"31":{"start":{"line":50,"column":16},"end":{"line":50,"column":54}},"32":{"start":{"line":74,"column":0},"end":{"line":76,"column":2}},"33":{"start":{"line":75,"column":2},"end":{"line":75,"column":25}},"34":{"start":{"line":78,"column":0},"end":{"line":80,"column":3}},"35":{"start":{"line":79,"column":2},"end":{"line":79,"column":51}},"36":{"start":{"line":82,"column":1},"end":{"line":82,"column":22}}},"fnMap":{"0":{"name":"(anonymous_0)","decl":{"start":{"line":47,"column":6},"end":{"line":47,"column":7}},"loc":{"start":{"line":47,"column":12},"end":{"line":49,"column":1}},"line":47},"1":{"name":"(anonymous_1)","decl":{"start":{"line":50,"column":7},"end":{"line":50,"column":8}},"loc":{"start":{"line":50,"column":16},"end":{"line":50,"column":54}},"line":50},"2":{"name":"(anonymous_2)","decl":{"start":{"line":74,"column":13},"end":{"line":74,"column":14}},"loc":{"start":{"line":74,"column":31},"end":{"line":76,"column":1}},"line":74},"3":{"name":"(anonymous_3)","decl":{"start":{"line":78,"column":17},"end":{"line":78,"column":18}},"loc":{"start":{"line":78,"column":23},"end":{"line":80,"column":1}},"line":78}},"branchMap":{"0":{"loc":{"start":{"line":19,"column":13},"end":{"line":19,"column":37}},"type":"binary-expr","locations":[{"start":{"line":19,"column":13},"end":{"line":19,"column":29}},{"start":{"line":19,"column":33},"end":{"line":19,"column":37}}],"line":19}},"s":{"0":1,"1":1,"2":1,"3":1,"4":1,"5":1,"6":1,"7":1,"8":1,"9":1,"10":1,"11":1,"12":1,"13":1,"14":1,"15":1,"16":1,"17":1,"18":1,"19":1,"20":1,"21":1,"22":1,"23":1,"24":1,"25":1,"26":1,"27":1,"28":1,"29":1,"30":1,"31":0,"32":1,"33":0,"34":1,"35":1,"36":1},"f":{"0":1,"1":0,"2":0,"3":1},"b":{"0":[1,1]},"_coverageSchema":"1a1c01bbd47fc00a2c39e90264f33305004495a9","hash":"679cd4f25c155314af7a8538c2ed922787a84e4b"}
,"F:\\Projects\\2nd file for conflicts\\HRManagement_Backend\\Configuration\\jwtConfig.js": {"path":"F:\\Projects\\2nd file for conflicts\\HRManagement_Backend\\Configuration\\jwtConfig.js","statementMap":{"0":{"start":{"line":1,"column":15},"end":{"line":1,"column":32}},"1":{"start":{"line":3,"column":18},"end":{"line":3,"column":56}},"2":{"start":{"line":5,"column":0},"end":{"line":7,"column":1}}},"fnMap":{},"branchMap":{},"s":{"0":1,"1":1,"2":1},"f":{},"b":{},"_coverageSchema":"1a1c01bbd47fc00a2c39e90264f33305004495a9","hash":"01a39b65fc0ae14884ccb5c8bb30ff387f828fda"}
,"F:\\Projects\\2nd file for conflicts\\HRManagement_Backend\\Controllers\\Login.js": {"path":"F:\\Projects\\2nd file for conflicts\\HRManagement_Backend\\Controllers\\Login.js","statementMap":{"0":{"start":{"line":1,"column":20},"end":{"line":1,"column":48}},"1":{"start":{"line":5,"column":4},"end":{"line":11,"column":5}},"2":{"start":{"line":6,"column":35},"end":{"line":6,"column":43}},"3":{"start":{"line":7,"column":22},"end":{"line":7,"column":62}},"4":{"start":{"line":8,"column":8},"end":{"line":8,"column":40}},"5":{"start":{"line":10,"column":8},"end":{"line":10,"column":57}},"6":{"start":{"line":14,"column":0},"end":{"line":16,"column":2}}},"fnMap":{"0":{"name":"login","decl":{"start":{"line":3,"column":15},"end":{"line":3,"column":20}},"loc":{"start":{"line":3,"column":31},"end":{"line":12,"column":1}},"line":3}},"branchMap":{},"s":{"0":1,"1":2,"2":2,"3":2,"4":1,"5":1,"6":1},"f":{"0":2},"b":{},"_coverageSchema":"1a1c01bbd47fc00a2c39e90264f33305004495a9","hash":"c5fbd7f3f1c2b80590a21cd7d5c7fbee38a6e498"}
,"F:\\Projects\\2nd file for conflicts\\HRManagement_Backend\\Controllers\\Signup.js": {"path":"F:\\Projects\\2nd file for conflicts\\HRManagement_Backend\\Controllers\\Signup.js","statementMap":{"0":{"start":{"line":1,"column":21},"end":{"line":1,"column":50}},"1":{"start":{"line":4,"column":2},"end":{"line":17,"column":3}},"2":{"start":{"line":5,"column":64},"end":{"line":5,"column":72}},"3":{"start":{"line":8,"column":4},"end":{"line":10,"column":5}},"4":{"start":{"line":9,"column":6},"end":{"line":9,"column":75}},"5":{"start":{"line":13,"column":17},"end":{"line":13,"column":56}},"6":{"start":{"line":14,"column":4},"end":{"line":14,"column":31}},"7":{"start":{"line":16,"column":4},"end":{"line":16,"column":53}},"8":{"start":{"line":21,"column":0},"end":{"line":23,"column":2}}},"fnMap":{"0":{"name":"createUser","decl":{"start":{"line":3,"column":15},"end":{"line":3,"column":25}},"loc":{"start":{"line":3,"column":36},"end":{"line":18,"column":1}},"line":3}},"branchMap":{"0":{"loc":{"start":{"line":8,"column":4},"end":{"line":10,"column":5}},"type":"if","locations":[{"start":{"line":8,"column":4},"end":{"line":10,"column":5}},{"start":{},"end":{}}],"line":8},"1":{"loc":{"start":{"line":8,"column":8},"end":{"line":8,"column":75}},"type":"binary-expr","locations":[{"start":{"line":8,"column":8},"end":{"line":8,"column":13}},{"start":{"line":8,"column":17},"end":{"line":8,"column":28}},{"start":{"line":8,"column":32},"end":{"line":8,"column":43}},{"start":{"line":8,"column":47},"end":{"line":8,"column":52}},{"start":{"line":8,"column":56},"end":{"line":8,"column":62}},{"start":{"line":8,"column":66},"end":{"line":8,"column":75}}],"line":8}},"s":{"0":1,"1":0,"2":0,"3":0,"4":0,"5":0,"6":0,"7":0,"8":1},"f":{"0":0},"b":{"0":[0,0],"1":[0,0,0,0,0,0]},"_coverageSchema":"1a1c01bbd47fc00a2c39e90264f33305004495a9","hash":"adaea7322bacc5575ba3f36ab00669cd113b9e68"}
,"F:\\Projects\\2nd file for conflicts\\HRManagement_Backend\\Services\\Login.js": {"path":"F:\\Projects\\2nd file for conflicts\\HRManagement_Backend\\Services\\Login.js","statementMap":{"0":{"start":{"line":1,"column":15},"end":{"line":1,"column":34}},"1":{"start":{"line":2,"column":13},"end":{"line":2,"column":44}},"2":{"start":{"line":3,"column":24},"end":{"line":3,"column":52}},"3":{"start":{"line":6,"column":4},"end":{"line":18,"column":5}},"4":{"start":{"line":7,"column":29},"end":{"line":7,"column":56}},"5":{"start":{"line":8,"column":8},"end":{"line":8,"column":60}},"6":{"start":{"line":8,"column":26},"end":{"line":8,"column":60}},"7":{"start":{"line":10,"column":34},"end":{"line":10,"column":87}},"8":{"start":{"line":11,"column":8},"end":{"line":11,"column":70}},"9":{"start":{"line":11,"column":31},"end":{"line":11,"column":70}},"10":{"start":{"line":13,"column":22},"end":{"line":13,"column":49}},"11":{"start":{"line":14,"column":8},"end":{"line":14,"column":21}},"12":{"start":{"line":17,"column":8},"end":{"line":17,"column":47}},"13":{"start":{"line":21,"column":0},"end":{"line":23,"column":2}}},"fnMap":{"0":{"name":"login","decl":{"start":{"line":5,"column":15},"end":{"line":5,"column":20}},"loc":{"start":{"line":5,"column":38},"end":{"line":19,"column":1}},"line":5}},"branchMap":{"0":{"loc":{"start":{"line":8,"column":8},"end":{"line":8,"column":60}},"type":"if","locations":[{"start":{"line":8,"column":8},"end":{"line":8,"column":60}},{"start":{},"end":{}}],"line":8},"1":{"loc":{"start":{"line":11,"column":8},"end":{"line":11,"column":70}},"type":"if","locations":[{"start":{"line":11,"column":8},"end":{"line":11,"column":70}},{"start":{},"end":{}}],"line":11}},"s":{"0":1,"1":1,"2":1,"3":2,"4":2,"5":2,"6":0,"7":2,"8":2,"9":1,"10":1,"11":1,"12":1,"13":1},"f":{"0":2},"b":{"0":[0,2],"1":[1,1]},"_coverageSchema":"1a1c01bbd47fc00a2c39e90264f33305004495a9","hash":"59f9e13a022be57e25d0cfff29baf77441b7fbb2"}
,"F:\\Projects\\2nd file for conflicts\\HRManagement_Backend\\Services\\Signup.js": {"path":"F:\\Projects\\2nd file for conflicts\\HRManagement_Backend\\Services\\Signup.js","statementMap":{"0":{"start":{"line":1,"column":13},"end":{"line":1,"column":44}},"1":{"start":{"line":2,"column":15},"end":{"line":2,"column":34}},"2":{"start":{"line":5,"column":63},"end":{"line":5,"column":71}},"3":{"start":{"line":6,"column":25},"end":{"line":6,"column":56}},"4":{"start":{"line":7,"column":21},"end":{"line":15,"column":4}},"5":{"start":{"line":16,"column":2},"end":{"line":16,"column":27}},"6":{"start":{"line":19,"column":0},"end":{"line":21,"column":2}}},"fnMap":{"0":{"name":"createUser","decl":{"start":{"line":4,"column":15},"end":{"line":4,"column":25}},"loc":{"start":{"line":4,"column":36},"end":{"line":17,"column":1}},"line":4}},"branchMap":{},"s":{"0":1,"1":1,"2":0,"3":0,"4":0,"5":0,"6":1},"f":{"0":0},"b":{},"_coverageSchema":"1a1c01bbd47fc00a2c39e90264f33305004495a9","hash":"309ee355be72647eb1618e43298ed56ae343119d"}
,"F:\\Projects\\2nd file for conflicts\\HRManagement_Backend\\Utils\\jwtUtils.js": {"path":"F:\\Projects\\2nd file for conflicts\\HRManagement_Backend\\Utils\\jwtUtils.js","statementMap":{"0":{"start":{"line":1,"column":12},"end":{"line":1,"column":35}},"1":{"start":{"line":2,"column":22},"end":{"line":2,"column":59}},"2":{"start":{"line":5,"column":20},"end":{"line":11,"column":5}},"3":{"start":{"line":12,"column":4},"end":{"line":12,"column":61}},"4":{"start":{"line":15,"column":0},"end":{"line":17,"column":2}}},"fnMap":{"0":{"name":"generateToken","decl":{"start":{"line":4,"column":9},"end":{"line":4,"column":22}},"loc":{"start":{"line":4,"column":29},"end":{"line":13,"column":1}},"line":4}},"branchMap":{},"s":{"0":1,"1":1,"2":1,"3":1,"4":1},"f":{"0":1},"b":{},"_coverageSchema":"1a1c01bbd47fc00a2c39e90264f33305004495a9","hash":"7dd0b16125b46568b472640644e97126ae214f41"}
,"F:\\Projects\\2nd file for conflicts\\HRManagement_Backend\\models\\User_model.js": {"path":"F:\\Projects\\2nd file for conflicts\\HRManagement_Backend\\models\\User_model.js","statementMap":{"0":{"start":{"line":1,"column":21},"end":{"line":1,"column":40}},"1":{"start":{"line":2,"column":23},"end":{"line":2,"column":52}},"2":{"start":{"line":4,"column":23},"end":{"line":30,"column":6}},"3":{"start":{"line":32,"column":4},"end":{"line":32,"column":56}}},"fnMap":{},"branchMap":{},"s":{"0":1,"1":1,"2":1,"3":1},"f":{},"b":{},"_coverageSchema":"1a1c01bbd47fc00a2c39e90264f33305004495a9","hash":"fe525e7e31f58630f9dafe3e75c51507a7b54d2e"}
,"F:\\Projects\\2nd file for conflicts\\HRManagement_Backend\\models\\application_model.js": {"path":"F:\\Projects\\2nd file for conflicts\\HRManagement_Backend\\models\\application_model.js","statementMap":{"0":{"start":{"line":1,"column":17},"end":{"line":1,"column":48}},"1":{"start":{"line":2,"column":17},"end":{"line":2,"column":36}},"2":{"start":{"line":3,"column":15},"end":{"line":3,"column":30}},"3":{"start":{"line":5,"column":26},"end":{"line":53,"column":2}},"4":{"start":{"line":55,"column":20},"end":{"line":55,"column":68}},"5":{"start":{"line":56,"column":0},"end":{"line":56,"column":29}}},"fnMap":{},"branchMap":{},"s":{"0":1,"1":1,"2":1,"3":1,"4":1,"5":1},"f":{},"b":{},"_coverageSchema":"1a1c01bbd47fc00a2c39e90264f33305004495a9","hash":"a71177f4b9297e672ced5867433e06f5e7c52d43"}
,"F:\\Projects\\2nd file for conflicts\\HRManagement_Backend\\models\\department_model.js": {"path":"F:\\Projects\\2nd file for conflicts\\HRManagement_Backend\\models\\department_model.js","statementMap":{"0":{"start":{"line":2,"column":17},"end":{"line":2,"column":36}},"1":{"start":{"line":3,"column":15},"end":{"line":3,"column":30}},"2":{"start":{"line":5,"column":25},"end":{"line":40,"column":2}},"3":{"start":{"line":42,"column":19},"end":{"line":42,"column":65}},"4":{"start":{"line":43,"column":0},"end":{"line":43,"column":28}}},"fnMap":{},"branchMap":{},"s":{"0":1,"1":1,"2":1,"3":1,"4":1},"f":{},"b":{},"_coverageSchema":"1a1c01bbd47fc00a2c39e90264f33305004495a9","hash":"10ce8202c6ff27f5ab7c8e8c9f9d4b1c3d98043d"}
,"F:\\Projects\\2nd file for conflicts\\HRManagement_Backend\\models\\employee_model.js": {"path":"F:\\Projects\\2nd file for conflicts\\HRManagement_Backend\\models\\employee_model.js","statementMap":{"0":{"start":{"line":1,"column":17},"end":{"line":1,"column":36}},"1":{"start":{"line":2,"column":15},"end":{"line":2,"column":30}},"2":{"start":{"line":4,"column":25},"end":{"line":75,"column":2}},"3":{"start":{"line":78,"column":0},"end":{"line":78,"column":59}},"4":{"start":{"line":79,"column":0},"end":{"line":79,"column":60}},"5":{"start":{"line":81,"column":17},"end":{"line":81,"column":59}},"6":{"start":{"line":82,"column":0},"end":{"line":82,"column":26}}},"fnMap":{},"branchMap":{},"s":{"0":1,"1":1,"2":1,"3":1,"4":1,"5":1,"6":1},"f":{},"b":{},"_coverageSchema":"1a1c01bbd47fc00a2c39e90264f33305004495a9","hash":"fd62a1ab36de56086a0d33d3149894932dbb3292"}
,"F:\\Projects\\2nd file for conflicts\\HRManagement_Backend\\models\\project_model.js": {"path":"F:\\Projects\\2nd file for conflicts\\HRManagement_Backend\\models\\project_model.js","statementMap":{"0":{"start":{"line":2,"column":17},"end":{"line":2,"column":36}},"1":{"start":{"line":3,"column":15},"end":{"line":3,"column":30}},"2":{"start":{"line":5,"column":22},"end":{"line":53,"column":2}},"3":{"start":{"line":55,"column":16},"end":{"line":55,"column":56}},"4":{"start":{"line":56,"column":0},"end":{"line":56,"column":25}}},"fnMap":{},"branchMap":{},"s":{"0":1,"1":1,"2":1,"3":1,"4":1},"f":{},"b":{},"_coverageSchema":"1a1c01bbd47fc00a2c39e90264f33305004495a9","hash":"4a97f319267d593181730fc61fd3fb46adeb3942"}
,"F:\\Projects\\2nd file for conflicts\\HRManagement_Backend\\models\\vaccancy_model.js": {"path":"F:\\Projects\\2nd file for conflicts\\HRManagement_Backend\\models\\vaccancy_model.js","statementMap":{"0":{"start":{"line":1,"column":17},"end":{"line":1,"column":36}},"1":{"start":{"line":2,"column":15},"end":{"line":2,"column":30}},"2":{"start":{"line":4,"column":22},"end":{"line":75,"column":2}},"3":{"start":{"line":77,"column":16},"end":{"line":77,"column":56}},"4":{"start":{"line":78,"column":0},"end":{"line":78,"column":25}}},"fnMap":{},"branchMap":{},"s":{"0":1,"1":1,"2":1,"3":1,"4":1},"f":{},"b":{},"_coverageSchema":"1a1c01bbd47fc00a2c39e90264f33305004495a9","hash":"7253c713f11171eaacdc7e20434dd0a494c914a5"}
,"F:\\Projects\\2nd file for conflicts\\HRManagement_Backend\\routes\\Login.js": {"path":"F:\\Projects\\2nd file for conflicts\\HRManagement_Backend\\routes\\Login.js","statementMap":{"0":{"start":{"line":1,"column":16},"end":{"line":1,"column":34}},"1":{"start":{"line":2,"column":13},"end":{"line":2,"column":28}},"2":{"start":{"line":3,"column":16},"end":{"line":3,"column":47}},"3":{"start":{"line":5,"column":15},"end":{"line":5,"column":31}},"4":{"start":{"line":6,"column":0},"end":{"line":6,"column":19}},"5":{"start":{"line":8,"column":0},"end":{"line":8,"column":29}},"6":{"start":{"line":10,"column":0},"end":{"line":10,"column":24}}},"fnMap":{},"branchMap":{},"s":{"0":1,"1":1,"2":1,"3":1,"4":1,"5":1,"6":1},"f":{},"b":{},"_coverageSchema":"1a1c01bbd47fc00a2c39e90264f33305004495a9","hash":"6efd1bb3abe2bd42112bb63ff16a6f2bcca6ade4"}
,"F:\\Projects\\2nd file for conflicts\\HRManagement_Backend\\routes\\Signup.js": {"path":"F:\\Projects\\2nd file for conflicts\\HRManagement_Backend\\routes\\Signup.js","statementMap":{"0":{"start":{"line":1,"column":16},"end":{"line":1,"column":34}},"1":{"start":{"line":2,"column":25},"end":{"line":2,"column":57}},"2":{"start":{"line":3,"column":15},"end":{"line":3,"column":31}},"3":{"start":{"line":5,"column":0},"end":{"line":5,"column":54}},"4":{"start":{"line":7,"column":0},"end":{"line":7,"column":24}}},"fnMap":{},"branchMap":{},"s":{"0":1,"1":1,"2":1,"3":1,"4":1},"f":{},"b":{},"_coverageSchema":"1a1c01bbd47fc00a2c39e90264f33305004495a9","hash":"19585bbef7ff4ce86f43edcf5fe4cccf09b3598f"}
,"F:\\Projects\\2nd file for conflicts\\HRManagement_Backend\\routes\\Users.js": {"path":"F:\\Projects\\2nd file for conflicts\\HRManagement_Backend\\routes\\Users.js","statementMap":{"0":{"start":{"line":1,"column":16},"end":{"line":1,"column":34}},"1":{"start":{"line":2,"column":13},"end":{"line":2,"column":44}},"2":{"start":{"line":3,"column":15},"end":{"line":3,"column":31}},"3":{"start":{"line":6,"column":0},"end":{"line":23,"column":3}},"4":{"start":{"line":7,"column":46},"end":{"line":7,"column":54}},"5":{"start":{"line":9,"column":20},"end":{"line":14,"column":6}},"6":{"start":{"line":16,"column":4},"end":{"line":22,"column":5}},"7":{"start":{"line":17,"column":8},"end":{"line":17,"column":29}},"8":{"start":{"line":18,"column":8},"end":{"line":18,"column":56}},"9":{"start":{"line":20,"column":8},"end":{"line":20,"column":27}},"10":{"start":{"line":21,"column":8},"end":{"line":21,"column":50}},"11":{"start":{"line":26,"column":0},"end":{"line":35,"column":3}},"12":{"start":{"line":27,"column":4},"end":{"line":34,"column":5}},"13":{"start":{"line":28,"column":22},"end":{"line":28,"column":39}},"14":{"start":{"line":29,"column":8},"end":{"line":29,"column":33}},"15":{"start":{"line":30,"column":8},"end":{"line":30,"column":36}},"16":{"start":{"line":32,"column":8},"end":{"line":32,"column":27}},"17":{"start":{"line":33,"column":8},"end":{"line":33,"column":53}},"18":{"start":{"line":38,"column":0},"end":{"line":49,"column":3}},"19":{"start":{"line":39,"column":19},"end":{"line":39,"column":29}},"20":{"start":{"line":41,"column":4},"end":{"line":48,"column":5}},"21":{"start":{"line":42,"column":21},"end":{"line":42,"column":44}},"22":{"start":{"line":43,"column":8},"end":{"line":43,"column":65}},"23":{"start":{"line":43,"column":19},"end":{"line":43,"column":65}},"24":{"start":{"line":44,"column":8},"end":{"line":44,"column":35}},"25":{"start":{"line":46,"column":8},"end":{"line":46,"column":27}},"26":{"start":{"line":47,"column":8},"end":{"line":47,"column":52}},"27":{"start":{"line":52,"column":0},"end":{"line":73,"column":3}},"28":{"start":{"line":53,"column":19},"end":{"line":53,"column":29}},"29":{"start":{"line":54,"column":46},"end":{"line":54,"column":54}},"30":{"start":{"line":57,"column":4},"end":{"line":59,"column":5}},"31":{"start":{"line":58,"column":8},"end":{"line":58,"column":63}},"32":{"start":{"line":61,"column":4},"end":{"line":72,"column":5}},"33":{"start":{"line":62,"column":8},"end":{"line":67,"column":11}},"34":{"start":{"line":68,"column":8},"end":{"line":68,"column":58}},"35":{"start":{"line":70,"column":8},"end":{"line":70,"column":27}},"36":{"start":{"line":71,"column":8},"end":{"line":71,"column":52}},"37":{"start":{"line":76,"column":0},"end":{"line":87,"column":2}},"38":{"start":{"line":77,"column":19},"end":{"line":77,"column":29}},"39":{"start":{"line":79,"column":4},"end":{"line":85,"column":5}},"40":{"start":{"line":80,"column":8},"end":{"line":80,"column":41}},"41":{"start":{"line":81,"column":8},"end":{"line":81,"column":58}},"42":{"start":{"line":83,"column":8},"end":{"line":83,"column":27}},"43":{"start":{"line":84,"column":8},"end":{"line":84,"column":52}},"44":{"start":{"line":90,"column":0},"end":{"line":105,"column":3}},"45":{"start":{"line":91,"column":19},"end":{"line":91,"column":29}},"46":{"start":{"line":93,"column":4},"end":{"line":104,"column":5}},"47":{"start":{"line":94,"column":21},"end":{"line":94,"column":44}},"48":{"start":{"line":95,"column":8},"end":{"line":95,"column":65}},"49":{"start":{"line":95,"column":19},"end":{"line":95,"column":65}},"50":{"start":{"line":100,"column":8},"end":{"line":100,"column":58}},"51":{"start":{"line":102,"column":8},"end":{"line":102,"column":27}},"52":{"start":{"line":103,"column":8},"end":{"line":103,"column":61}},"53":{"start":{"line":107,"column":0},"end":{"line":107,"column":24}}},"fnMap":{"0":{"name":"(anonymous_0)","decl":{"start":{"line":6,"column":20},"end":{"line":6,"column":21}},"loc":{"start":{"line":6,"column":40},"end":{"line":23,"column":1}},"line":6},"1":{"name":"(anonymous_1)","decl":{"start":{"line":26,"column":16},"end":{"line":26,"column":17}},"loc":{"start":{"line":26,"column":36},"end":{"line":35,"column":1}},"line":26},"2":{"name":"(anonymous_2)","decl":{"start":{"line":38,"column":19},"end":{"line":38,"column":20}},"loc":{"start":{"line":38,"column":39},"end":{"line":49,"column":1}},"line":38},"3":{"name":"(anonymous_3)","decl":{"start":{"line":52,"column":26},"end":{"line":52,"column":27}},"loc":{"start":{"line":52,"column":46},"end":{"line":73,"column":1}},"line":52},"4":{"name":"(anonymous_4)","decl":{"start":{"line":76,"column":29},"end":{"line":76,"column":30}},"loc":{"start":{"line":76,"column":49},"end":{"line":86,"column":1}},"line":76},"5":{"name":"(anonymous_5)","decl":{"start":{"line":90,"column":28},"end":{"line":90,"column":29}},"loc":{"start":{"line":90,"column":48},"end":{"line":105,"column":1}},"line":90}},"branchMap":{"0":{"loc":{"start":{"line":43,"column":8},"end":{"line":43,"column":65}},"type":"if","locations":[{"start":{"line":43,"column":8},"end":{"line":43,"column":65}},{"start":{},"end":{}}],"line":43},"1":{"loc":{"start":{"line":57,"column":4},"end":{"line":59,"column":5}},"type":"if","locations":[{"start":{"line":57,"column":4},"end":{"line":59,"column":5}},{"start":{},"end":{}}],"line":57},"2":{"loc":{"start":{"line":57,"column":8},"end":{"line":57,"column":47}},"type":"binary-expr","locations":[{"start":{"line":57,"column":8},"end":{"line":57,"column":13}},{"start":{"line":57,"column":17},"end":{"line":57,"column":28}},{"start":{"line":57,"column":32},"end":{"line":57,"column":37}},{"start":{"line":57,"column":41},"end":{"line":57,"column":47}}],"line":57},"3":{"loc":{"start":{"line":95,"column":8},"end":{"line":95,"column":65}},"type":"if","locations":[{"start":{"line":95,"column":8},"end":{"line":95,"column":65}},{"start":{},"end":{}}],"line":95}},"s":{"0":1,"1":1,"2":1,"3":1,"4":0,"5":0,"6":0,"7":0,"8":0,"9":0,"10":0,"11":1,"12":0,"13":0,"14":0,"15":0,"16":0,"17":0,"18":1,"19":0,"20":0,"21":0,"22":0,"23":0,"24":0,"25":0,"26":0,"27":1,"28":0,"29":0,"30":0,"31":0,"32":0,"33":0,"34":0,"35":0,"36":0,"37":1,"38":0,"39":0,"40":0,"41":0,"42":0,"43":0,"44":1,"45":0,"46":0,"47":0,"48":0,"49":0,"50":0,"51":0,"52":0,"53":1},"f":{"0":0,"1":0,"2":0,"3":0,"4":0,"5":0},"b":{"0":[0,0],"1":[0,0],"2":[0,0,0,0],"3":[0,0]},"_coverageSchema":"1a1c01bbd47fc00a2c39e90264f33305004495a9","hash":"559e1fb7256a2d91f5224967f36d1fa2ae82bb5e"}
,"F:\\Projects\\2nd file for conflicts\\HRManagement_Backend\\routes\\applications.js": {"path":"F:\\Projects\\2nd file for conflicts\\HRManagement_Backend\\routes\\applications.js","statementMap":{"0":{"start":{"line":1,"column":16},"end":{"line":1,"column":34}},"1":{"start":{"line":2,"column":18},"end":{"line":2,"column":56}},"2":{"start":{"line":3,"column":15},"end":{"line":3,"column":31}},"3":{"start":{"line":4,"column":12},"end":{"line":4,"column":21}},"4":{"start":{"line":5,"column":0},"end":{"line":5,"column":24}},"5":{"start":{"line":6,"column":0},"end":{"line":6,"column":46}},"6":{"start":{"line":8,"column":15},"end":{"line":8,"column":39}},"7":{"start":{"line":9,"column":15},"end":{"line":9,"column":32}},"8":{"start":{"line":10,"column":29},"end":{"line":10,"column":58}},"9":{"start":{"line":11,"column":11},"end":{"line":11,"column":33}},"10":{"start":{"line":14,"column":11},"end":{"line":14,"column":24}},"11":{"start":{"line":15,"column":13},"end":{"line":15,"column":28}},"12":{"start":{"line":16,"column":17},"end":{"line":16,"column":37}},"13":{"start":{"line":17,"column":14},"end":{"line":17,"column":30}},"14":{"start":{"line":18,"column":15},"end":{"line":18,"column":32}},"15":{"start":{"line":19,"column":0},"end":{"line":19,"column":16}},"16":{"start":{"line":21,"column":15},"end":{"line":21,"column":32}},"17":{"start":{"line":22,"column":30},"end":{"line":22,"column":49}},"18":{"start":{"line":25,"column":16},"end":{"line":33,"column":2}},"19":{"start":{"line":27,"column":4},"end":{"line":27,"column":23}},"20":{"start":{"line":30,"column":25},"end":{"line":30,"column":35}},"21":{"start":{"line":31,"column":4},"end":{"line":31,"column":46}},"22":{"start":{"line":36,"column":0},"end":{"line":36,"column":39}},"23":{"start":{"line":41,"column":0},"end":{"line":57,"column":3}},"24":{"start":{"line":42,"column":2},"end":{"line":42,"column":24}},"25":{"start":{"line":43,"column":15},"end":{"line":43,"column":28}},"26":{"start":{"line":44,"column":18},"end":{"line":44,"column":32}},"27":{"start":{"line":45,"column":22},"end":{"line":45,"column":40}},"28":{"start":{"line":46,"column":20},"end":{"line":46,"column":37}},"29":{"start":{"line":47,"column":24},"end":{"line":47,"column":45}},"30":{"start":{"line":48,"column":21},"end":{"line":48,"column":38}},"31":{"start":{"line":49,"column":21},"end":{"line":49,"column":38}},"32":{"start":{"line":51,"column":4},"end":{"line":56,"column":5}},"33":{"start":{"line":52,"column":8},"end":{"line":52,"column":170}},"34":{"start":{"line":53,"column":8},"end":{"line":53,"column":33}},"35":{"start":{"line":55,"column":8},"end":{"line":55,"column":32}},"36":{"start":{"line":61,"column":2},"end":{"line":70,"column":3}},"37":{"start":{"line":62,"column":25},"end":{"line":62,"column":46}},"38":{"start":{"line":63,"column":4},"end":{"line":63,"column":89}},"39":{"start":{"line":63,"column":38},"end":{"line":63,"column":89}},"40":{"start":{"line":64,"column":23},"end":{"line":64,"column":52}},"41":{"start":{"line":65,"column":17},"end":{"line":65,"column":43}},"42":{"start":{"line":66,"column":4},"end":{"line":66,"column":21}},"43":{"start":{"line":68,"column":4},"end":{"line":68,"column":68}},"44":{"start":{"line":69,"column":4},"end":{"line":69,"column":16}},"45":{"start":{"line":74,"column":0},"end":{"line":187,"column":3}},"46":{"start":{"line":76,"column":2},"end":{"line":186,"column":3}},"47":{"start":{"line":77,"column":98},"end":{"line":77,"column":106}},"48":{"start":{"line":78,"column":19},"end":{"line":78,"column":36}},"49":{"start":{"line":79,"column":18},"end":{"line":79,"column":31}},"50":{"start":{"line":81,"column":18},"end":{"line":81,"column":30}},"51":{"start":{"line":82,"column":21},"end":{"line":82,"column":47}},"52":{"start":{"line":85,"column":25},"end":{"line":97,"column":4}},"53":{"start":{"line":101,"column":27},"end":{"line":101,"column":54}},"54":{"start":{"line":102,"column":2},"end":{"line":102,"column":66}},"55":{"start":{"line":103,"column":3},"end":{"line":103,"column":67}},"56":{"start":{"line":106,"column":33},"end":{"line":106,"column":62}},"57":{"start":{"line":108,"column":20},"end":{"line":111,"column":6}},"58":{"start":{"line":113,"column":22},"end":{"line":113,"column":44}},"59":{"start":{"line":114,"column":22},"end":{"line":114,"column":36}},"60":{"start":{"line":118,"column":23},"end":{"line":118,"column":54}},"61":{"start":{"line":121,"column":21},"end":{"line":121,"column":43}},"62":{"start":{"line":124,"column":26},"end":{"line":124,"column":35}},"63":{"start":{"line":126,"column":4},"end":{"line":182,"column":5}},"64":{"start":{"line":127,"column":21},"end":{"line":150,"column":1}},"65":{"start":{"line":152,"column":23},"end":{"line":163,"column":10}},"66":{"start":{"line":165,"column":31},"end":{"line":165,"column":83}},"67":{"start":{"line":166,"column":22},"end":{"line":166,"column":44}},"68":{"start":{"line":167,"column":24},"end":{"line":167,"column":50}},"69":{"start":{"line":169,"column":6},"end":{"line":169,"column":51}},"70":{"start":{"line":170,"column":6},"end":{"line":170,"column":53}},"71":{"start":{"line":172,"column":6},"end":{"line":176,"column":9}},"72":{"start":{"line":178,"column":6},"end":{"line":178,"column":79}},"73":{"start":{"line":179,"column":6},"end":{"line":179,"column":76}},"74":{"start":{"line":181,"column":6},"end":{"line":181,"column":65}},"75":{"start":{"line":184,"column":4},"end":{"line":184,"column":25}},"76":{"start":{"line":185,"column":4},"end":{"line":185,"column":70}},"77":{"start":{"line":190,"column":4},"end":{"line":195,"column":7}},"78":{"start":{"line":191,"column":23},"end":{"line":191,"column":25}},"79":{"start":{"line":192,"column":8},"end":{"line":192,"column":59}},"80":{"start":{"line":192,"column":39},"end":{"line":192,"column":57}},"81":{"start":{"line":193,"column":8},"end":{"line":193,"column":67}},"82":{"start":{"line":193,"column":35},"end":{"line":193,"column":65}},"83":{"start":{"line":194,"column":8},"end":{"line":194,"column":39}},"84":{"start":{"line":200,"column":0},"end":{"line":208,"column":3}},"85":{"start":{"line":201,"column":2},"end":{"line":207,"column":3}},"86":{"start":{"line":202,"column":25},"end":{"line":202,"column":49}},"87":{"start":{"line":203,"column":4},"end":{"line":203,"column":27}},"88":{"start":{"line":205,"column":4},"end":{"line":205,"column":23}},"89":{"start":{"line":206,"column":4},"end":{"line":206,"column":61}},"90":{"start":{"line":211,"column":0},"end":{"line":222,"column":3}},"91":{"start":{"line":212,"column":2},"end":{"line":221,"column":3}},"92":{"start":{"line":213,"column":20},"end":{"line":213,"column":61}},"93":{"start":{"line":214,"column":4},"end":{"line":216,"column":5}},"94":{"start":{"line":215,"column":6},"end":{"line":215,"column":72}},"95":{"start":{"line":217,"column":4},"end":{"line":217,"column":22}},"96":{"start":{"line":219,"column":4},"end":{"line":219,"column":23}},"97":{"start":{"line":220,"column":4},"end":{"line":220,"column":61}},"98":{"start":{"line":225,"column":0},"end":{"line":236,"column":3}},"99":{"start":{"line":226,"column":2},"end":{"line":235,"column":3}},"100":{"start":{"line":227,"column":25},"end":{"line":227,"column":84}},"101":{"start":{"line":228,"column":4},"end":{"line":230,"column":5}},"102":{"start":{"line":229,"column":6},"end":{"line":229,"column":92}},"103":{"start":{"line":231,"column":4},"end":{"line":231,"column":27}},"104":{"start":{"line":233,"column":4},"end":{"line":233,"column":55}},"105":{"start":{"line":234,"column":4},"end":{"line":234,"column":61}},"106":{"start":{"line":240,"column":0},"end":{"line":251,"column":3}},"107":{"start":{"line":241,"column":2},"end":{"line":250,"column":3}},"108":{"start":{"line":242,"column":20},"end":{"line":242,"column":61}},"109":{"start":{"line":243,"column":4},"end":{"line":245,"column":5}},"110":{"start":{"line":244,"column":6},"end":{"line":244,"column":72}},"111":{"start":{"line":246,"column":4},"end":{"line":246,"column":47}},"112":{"start":{"line":248,"column":4},"end":{"line":248,"column":52}},"113":{"start":{"line":249,"column":4},"end":{"line":249,"column":61}},"114":{"start":{"line":254,"column":0},"end":{"line":274,"column":3}},"115":{"start":{"line":255,"column":22},"end":{"line":255,"column":30}},"116":{"start":{"line":257,"column":2},"end":{"line":273,"column":3}},"117":{"start":{"line":258,"column":20},"end":{"line":258,"column":61}},"118":{"start":{"line":259,"column":4},"end":{"line":261,"column":5}},"119":{"start":{"line":260,"column":6},"end":{"line":260,"column":72}},"120":{"start":{"line":263,"column":4},"end":{"line":265,"column":5}},"121":{"start":{"line":264,"column":6},"end":{"line":264,"column":104}},"122":{"start":{"line":266,"column":8},"end":{"line":266,"column":34}},"123":{"start":{"line":267,"column":4},"end":{"line":267,"column":25}},"124":{"start":{"line":269,"column":4},"end":{"line":269,"column":75}},"125":{"start":{"line":271,"column":4},"end":{"line":271,"column":52}},"126":{"start":{"line":272,"column":4},"end":{"line":272,"column":64}},"127":{"start":{"line":279,"column":0},"end":{"line":290,"column":3}},"128":{"start":{"line":280,"column":2},"end":{"line":289,"column":3}},"129":{"start":{"line":281,"column":16},"end":{"line":281,"column":57}},"130":{"start":{"line":282,"column":4},"end":{"line":284,"column":5}},"131":{"start":{"line":283,"column":6},"end":{"line":283,"column":72}},"132":{"start":{"line":285,"column":4},"end":{"line":285,"column":39}},"133":{"start":{"line":287,"column":4},"end":{"line":287,"column":50}},"134":{"start":{"line":288,"column":4},"end":{"line":288,"column":61}},"135":{"start":{"line":295,"column":0},"end":{"line":336,"column":3}},"136":{"start":{"line":296,"column":2},"end":{"line":335,"column":3}},"137":{"start":{"line":297,"column":15},"end":{"line":297,"column":28}},"138":{"start":{"line":300,"column":32},"end":{"line":300,"column":62}},"139":{"start":{"line":302,"column":4},"end":{"line":304,"column":5}},"140":{"start":{"line":303,"column":6},"end":{"line":303,"column":72}},"141":{"start":{"line":307,"column":4},"end":{"line":315,"column":5}},"142":{"start":{"line":308,"column":23},"end":{"line":308,"column":85}},"143":{"start":{"line":311,"column":6},"end":{"line":314,"column":7}},"144":{"start":{"line":312,"column":8},"end":{"line":312,"column":32}},"145":{"start":{"line":313,"column":8},"end":{"line":313,"column":69}},"146":{"start":{"line":318,"column":31},"end":{"line":318,"column":70}},"147":{"start":{"line":320,"column":4},"end":{"line":322,"column":5}},"148":{"start":{"line":321,"column":6},"end":{"line":321,"column":72}},"149":{"start":{"line":324,"column":4},"end":{"line":327,"column":7}},"150":{"start":{"line":330,"column":4},"end":{"line":330,"column":54}},"151":{"start":{"line":331,"column":4},"end":{"line":334,"column":7}},"152":{"start":{"line":338,"column":29},"end":{"line":338,"column":58}},"153":{"start":{"line":339,"column":25},"end":{"line":339,"column":65}},"154":{"start":{"line":341,"column":0},"end":{"line":357,"column":3}},"155":{"start":{"line":342,"column":4},"end":{"line":356,"column":5}},"156":{"start":{"line":343,"column":29},"end":{"line":343,"column":39}},"157":{"start":{"line":345,"column":24},"end":{"line":348,"column":10}},"158":{"start":{"line":350,"column":26},"end":{"line":350,"column":78}},"159":{"start":{"line":352,"column":8},"end":{"line":352,"column":37}},"160":{"start":{"line":354,"column":8},"end":{"line":354,"column":59}},"161":{"start":{"line":355,"column":8},"end":{"line":355,"column":73}},"162":{"start":{"line":361,"column":0},"end":{"line":361,"column":24}}},"fnMap":{"0":{"name":"(anonymous_0)","decl":{"start":{"line":26,"column":15},"end":{"line":26,"column":16}},"loc":{"start":{"line":26,"column":40},"end":{"line":28,"column":3}},"line":26},"1":{"name":"(anonymous_1)","decl":{"start":{"line":29,"column":12},"end":{"line":29,"column":13}},"loc":{"start":{"line":29,"column":37},"end":{"line":32,"column":3}},"line":29},"2":{"name":"(anonymous_2)","decl":{"start":{"line":41,"column":52},"end":{"line":41,"column":53}},"loc":{"start":{"line":41,"column":71},"end":{"line":57,"column":1}},"line":41},"3":{"name":"extractTextFromPDF","decl":{"start":{"line":60,"column":15},"end":{"line":60,"column":33}},"loc":{"start":{"line":60,"column":43},"end":{"line":71,"column":1}},"line":60},"4":{"name":"(anonymous_4)","decl":{"start":{"line":74,"column":44},"end":{"line":74,"column":45}},"loc":{"start":{"line":74,"column":64},"end":{"line":187,"column":1}},"line":74},"5":{"name":"streamToBuffer","decl":{"start":{"line":189,"column":9},"end":{"line":189,"column":23}},"loc":{"start":{"line":189,"column":36},"end":{"line":196,"column":1}},"line":189},"6":{"name":"(anonymous_6)","decl":{"start":{"line":190,"column":23},"end":{"line":190,"column":24}},"loc":{"start":{"line":190,"column":44},"end":{"line":195,"column":5}},"line":190},"7":{"name":"(anonymous_7)","decl":{"start":{"line":192,"column":30},"end":{"line":192,"column":31}},"loc":{"start":{"line":192,"column":39},"end":{"line":192,"column":57}},"line":192},"8":{"name":"(anonymous_8)","decl":{"start":{"line":193,"column":29},"end":{"line":193,"column":30}},"loc":{"start":{"line":193,"column":35},"end":{"line":193,"column":65}},"line":193},"9":{"name":"(anonymous_9)","decl":{"start":{"line":200,"column":21},"end":{"line":200,"column":22}},"loc":{"start":{"line":200,"column":41},"end":{"line":208,"column":1}},"line":200},"10":{"name":"(anonymous_10)","decl":{"start":{"line":211,"column":25},"end":{"line":211,"column":26}},"loc":{"start":{"line":211,"column":45},"end":{"line":222,"column":1}},"line":211},"11":{"name":"(anonymous_11)","decl":{"start":{"line":225,"column":42},"end":{"line":225,"column":43}},"loc":{"start":{"line":225,"column":62},"end":{"line":236,"column":1}},"line":225},"12":{"name":"(anonymous_12)","decl":{"start":{"line":240,"column":30},"end":{"line":240,"column":31}},"loc":{"start":{"line":240,"column":50},"end":{"line":251,"column":1}},"line":240},"13":{"name":"(anonymous_13)","decl":{"start":{"line":254,"column":35},"end":{"line":254,"column":36}},"loc":{"start":{"line":254,"column":55},"end":{"line":274,"column":1}},"line":254},"14":{"name":"(anonymous_14)","decl":{"start":{"line":279,"column":34},"end":{"line":279,"column":35}},"loc":{"start":{"line":279,"column":54},"end":{"line":290,"column":1}},"line":279},"15":{"name":"(anonymous_15)","decl":{"start":{"line":295,"column":36},"end":{"line":295,"column":37}},"loc":{"start":{"line":295,"column":56},"end":{"line":336,"column":1}},"line":295},"16":{"name":"(anonymous_16)","decl":{"start":{"line":341,"column":39},"end":{"line":341,"column":40}},"loc":{"start":{"line":341,"column":59},"end":{"line":357,"column":1}},"line":341}},"branchMap":{"0":{"loc":{"start":{"line":63,"column":4},"end":{"line":63,"column":89}},"type":"if","locations":[{"start":{"line":63,"column":4},"end":{"line":63,"column":89}},{"start":{},"end":{}}],"line":63},"1":{"loc":{"start":{"line":126,"column":4},"end":{"line":182,"column":5}},"type":"if","locations":[{"start":{"line":126,"column":4},"end":{"line":182,"column":5}},{"start":{"line":180,"column":11},"end":{"line":182,"column":5}}],"line":126},"2":{"loc":{"start":{"line":214,"column":4},"end":{"line":216,"column":5}},"type":"if","locations":[{"start":{"line":214,"column":4},"end":{"line":216,"column":5}},{"start":{},"end":{}}],"line":214},"3":{"loc":{"start":{"line":228,"column":4},"end":{"line":230,"column":5}},"type":"if","locations":[{"start":{"line":228,"column":4},"end":{"line":230,"column":5}},{"start":{},"end":{}}],"line":228},"4":{"loc":{"start":{"line":228,"column":8},"end":{"line":228,"column":50}},"type":"binary-expr","locations":[{"start":{"line":228,"column":8},"end":{"line":228,"column":21}},{"start":{"line":228,"column":25},"end":{"line":228,"column":50}}],"line":228},"5":{"loc":{"start":{"line":243,"column":4},"end":{"line":245,"column":5}},"type":"if","locations":[{"start":{"line":243,"column":4},"end":{"line":245,"column":5}},{"start":{},"end":{}}],"line":243},"6":{"loc":{"start":{"line":259,"column":4},"end":{"line":261,"column":5}},"type":"if","locations":[{"start":{"line":259,"column":4},"end":{"line":261,"column":5}},{"start":{},"end":{}}],"line":259},"7":{"loc":{"start":{"line":263,"column":4},"end":{"line":265,"column":5}},"type":"if","locations":[{"start":{"line":263,"column":4},"end":{"line":265,"column":5}},{"start":{},"end":{}}],"line":263},"8":{"loc":{"start":{"line":263,"column":8},"end":{"line":263,"column":78}},"type":"binary-expr","locations":[{"start":{"line":263,"column":8},"end":{"line":263,"column":31}},{"start":{"line":263,"column":35},"end":{"line":263,"column":78}}],"line":263},"9":{"loc":{"start":{"line":282,"column":4},"end":{"line":284,"column":5}},"type":"if","locations":[{"start":{"line":282,"column":4},"end":{"line":284,"column":5}},{"start":{},"end":{}}],"line":282},"10":{"loc":{"start":{"line":302,"column":4},"end":{"line":304,"column":5}},"type":"if","locations":[{"start":{"line":302,"column":4},"end":{"line":304,"column":5}},{"start":{},"end":{}}],"line":302},"11":{"loc":{"start":{"line":307,"column":4},"end":{"line":315,"column":5}},"type":"if","locations":[{"start":{"line":307,"column":4},"end":{"line":315,"column":5}},{"start":{},"end":{}}],"line":307},"12":{"loc":{"start":{"line":311,"column":6},"end":{"line":314,"column":7}},"type":"if","locations":[{"start":{"line":311,"column":6},"end":{"line":314,"column":7}},{"start":{},"end":{}}],"line":311},"13":{"loc":{"start":{"line":320,"column":4},"end":{"line":322,"column":5}},"type":"if","locations":[{"start":{"line":320,"column":4},"end":{"line":322,"column":5}},{"start":{},"end":{}}],"line":320}},"s":{"0":1,"1":1,"2":1,"3":1,"4":1,"5":1,"6":1,"7":1,"8":1,"9":1,"10":1,"11":1,"12":1,"13":1,"14":1,"15":1,"16":1,"17":1,"18":1,"19":0,"20":0,"21":0,"22":1,"23":1,"24":0,"25":0,"26":0,"27":0,"28":0,"29":0,"30":0,"31":0,"32":0,"33":0,"34":0,"35":0,"36":0,"37":0,"38":0,"39":0,"40":0,"41":0,"42":0,"43":0,"44":0,"45":1,"46":0,"47":0,"48":0,"49":0,"50":0,"51":0,"52":0,"53":0,"54":0,"55":0,"56":0,"57":0,"58":0,"59":0,"60":0,"61":0,"62":0,"63":0,"64":0,"65":0,"66":0,"67":0,"68":0,"69":0,"70":0,"71":0,"72":0,"73":0,"74":0,"75":0,"76":0,"77":0,"78":0,"79":0,"80":0,"81":0,"82":0,"83":0,"84":1,"85":0,"86":0,"87":0,"88":0,"89":0,"90":1,"91":0,"92":0,"93":0,"94":0,"95":0,"96":0,"97":0,"98":1,"99":0,"100":0,"101":0,"102":0,"103":0,"104":0,"105":0,"106":1,"107":0,"108":0,"109":0,"110":0,"111":0,"112":0,"113":0,"114":1,"115":0,"116":0,"117":0,"118":0,"119":0,"120":0,"121":0,"122":0,"123":0,"124":0,"125":0,"126":0,"127":1,"128":0,"129":0,"130":0,"131":0,"132":0,"133":0,"134":0,"135":1,"136":0,"137":0,"138":0,"139":0,"140":0,"141":0,"142":0,"143":0,"144":0,"145":0,"146":0,"147":0,"148":0,"149":0,"150":0,"151":0,"152":1,"153":1,"154":1,"155":0,"156":0,"157":0,"158":0,"159":0,"160":0,"161":0,"162":1},"f":{"0":0,"1":0,"2":0,"3":0,"4":0,"5":0,"6":0,"7":0,"8":0,"9":0,"10":0,"11":0,"12":0,"13":0,"14":0,"15":0,"16":0},"b":{"0":[0,0],"1":[0,0],"2":[0,0],"3":[0,0],"4":[0,0],"5":[0,0],"6":[0,0],"7":[0,0],"8":[0,0],"9":[0,0],"10":[0,0],"11":[0,0],"12":[0,0],"13":[0,0]},"_coverageSchema":"1a1c01bbd47fc00a2c39e90264f33305004495a9","hash":"1fa2c79a9e23b0792977d8a1d23ab3f134e12567"}
,"F:\\Projects\\2nd file for conflicts\\HRManagement_Backend\\routes\\departments.js": {"path":"F:\\Projects\\2nd file for conflicts\\HRManagement_Backend\\routes\\departments.js","statementMap":{"0":{"start":{"line":1,"column":16},"end":{"line":1,"column":34}},"1":{"start":{"line":2,"column":19},"end":{"line":2,"column":56}},"2":{"start":{"line":3,"column":15},"end":{"line":3,"column":31}},"3":{"start":{"line":6,"column":0},"end":{"line":26,"column":3}},"4":{"start":{"line":7,"column":131},"end":{"line":7,"column":139}},"5":{"start":{"line":9,"column":26},"end":{"line":17,"column":6}},"6":{"start":{"line":19,"column":4},"end":{"line":25,"column":5}},"7":{"start":{"line":20,"column":8},"end":{"line":20,"column":35}},"8":{"start":{"line":21,"column":8},"end":{"line":21,"column":62}},"9":{"start":{"line":23,"column":8},"end":{"line":23,"column":27}},"10":{"start":{"line":24,"column":8},"end":{"line":24,"column":56}},"11":{"start":{"line":29,"column":0},"end":{"line":38,"column":3}},"12":{"start":{"line":30,"column":4},"end":{"line":37,"column":5}},"13":{"start":{"line":31,"column":28},"end":{"line":31,"column":51}},"14":{"start":{"line":32,"column":8},"end":{"line":32,"column":45}},"15":{"start":{"line":33,"column":8},"end":{"line":33,"column":42}},"16":{"start":{"line":35,"column":8},"end":{"line":35,"column":27}},"17":{"start":{"line":36,"column":8},"end":{"line":36,"column":59}},"18":{"start":{"line":41,"column":0},"end":{"line":52,"column":3}},"19":{"start":{"line":42,"column":19},"end":{"line":42,"column":29}},"20":{"start":{"line":44,"column":4},"end":{"line":51,"column":5}},"21":{"start":{"line":45,"column":27},"end":{"line":45,"column":56}},"22":{"start":{"line":46,"column":8},"end":{"line":46,"column":77}},"23":{"start":{"line":46,"column":25},"end":{"line":46,"column":77}},"24":{"start":{"line":47,"column":8},"end":{"line":47,"column":41}},"25":{"start":{"line":49,"column":8},"end":{"line":49,"column":27}},"26":{"start":{"line":50,"column":8},"end":{"line":50,"column":58}},"27":{"start":{"line":55,"column":0},"end":{"line":74,"column":3}},"28":{"start":{"line":56,"column":19},"end":{"line":56,"column":29}},"29":{"start":{"line":57,"column":131},"end":{"line":57,"column":139}},"30":{"start":{"line":59,"column":4},"end":{"line":73,"column":5}},"31":{"start":{"line":60,"column":8},"end":{"line":68,"column":26}},"32":{"start":{"line":69,"column":8},"end":{"line":69,"column":64}},"33":{"start":{"line":71,"column":8},"end":{"line":71,"column":27}},"34":{"start":{"line":72,"column":8},"end":{"line":72,"column":58}},"35":{"start":{"line":77,"column":0},"end":{"line":87,"column":3}},"36":{"start":{"line":78,"column":19},"end":{"line":78,"column":29}},"37":{"start":{"line":80,"column":4},"end":{"line":86,"column":5}},"38":{"start":{"line":81,"column":8},"end":{"line":81,"column":47}},"39":{"start":{"line":82,"column":8},"end":{"line":82,"column":64}},"40":{"start":{"line":84,"column":8},"end":{"line":84,"column":27}},"41":{"start":{"line":85,"column":8},"end":{"line":85,"column":58}},"42":{"start":{"line":89,"column":0},"end":{"line":89,"column":24}}},"fnMap":{"0":{"name":"(anonymous_0)","decl":{"start":{"line":6,"column":21},"end":{"line":6,"column":22}},"loc":{"start":{"line":6,"column":41},"end":{"line":26,"column":1}},"line":6},"1":{"name":"(anonymous_1)","decl":{"start":{"line":29,"column":21},"end":{"line":29,"column":22}},"loc":{"start":{"line":29,"column":41},"end":{"line":38,"column":1}},"line":29},"2":{"name":"(anonymous_2)","decl":{"start":{"line":41,"column":25},"end":{"line":41,"column":26}},"loc":{"start":{"line":41,"column":45},"end":{"line":52,"column":1}},"line":41},"3":{"name":"(anonymous_3)","decl":{"start":{"line":55,"column":27},"end":{"line":55,"column":28}},"loc":{"start":{"line":55,"column":47},"end":{"line":74,"column":1}},"line":55},"4":{"name":"(anonymous_4)","decl":{"start":{"line":77,"column":30},"end":{"line":77,"column":31}},"loc":{"start":{"line":77,"column":50},"end":{"line":87,"column":1}},"line":77}},"branchMap":{"0":{"loc":{"start":{"line":46,"column":8},"end":{"line":46,"column":77}},"type":"if","locations":[{"start":{"line":46,"column":8},"end":{"line":46,"column":77}},{"start":{},"end":{}}],"line":46}},"s":{"0":1,"1":1,"2":1,"3":1,"4":0,"5":0,"6":0,"7":0,"8":0,"9":0,"10":0,"11":1,"12":0,"13":0,"14":0,"15":0,"16":0,"17":0,"18":1,"19":0,"20":0,"21":0,"22":0,"23":0,"24":0,"25":0,"26":0,"27":1,"28":0,"29":0,"30":0,"31":0,"32":0,"33":0,"34":0,"35":1,"36":0,"37":0,"38":0,"39":0,"40":0,"41":0,"42":1},"f":{"0":0,"1":0,"2":0,"3":0,"4":0},"b":{"0":[0,0]},"_coverageSchema":"1a1c01bbd47fc00a2c39e90264f33305004495a9","hash":"ca68fca943ebf68fd7912c496789e2cef1f315d5"}
,"F:\\Projects\\2nd file for conflicts\\HRManagement_Backend\\routes\\employee.js": {"path":"F:\\Projects\\2nd file for conflicts\\HRManagement_Backend\\routes\\employee.js","statementMap":{"0":{"start":{"line":1,"column":16},"end":{"line":1,"column":34}},"1":{"start":{"line":2,"column":15},"end":{"line":2,"column":50}},"2":{"start":{"line":3,"column":17},"end":{"line":3,"column":36}},"3":{"start":{"line":5,"column":15},"end":{"line":5,"column":31}},"4":{"start":{"line":8,"column":0},"end":{"line":56,"column":3}},"5":{"start":{"line":22,"column":8},"end":{"line":22,"column":16}},"6":{"start":{"line":25,"column":24},"end":{"line":38,"column":6}},"7":{"start":{"line":41,"column":4},"end":{"line":55,"column":11}},"8":{"start":{"line":43,"column":20},"end":{"line":43,"column":107}},"9":{"start":{"line":45,"column":12},"end":{"line":52,"column":13}},"10":{"start":{"line":47,"column":16},"end":{"line":51,"column":17}},"11":{"start":{"line":48,"column":20},"end":{"line":48,"column":118}},"12":{"start":{"line":49,"column":23},"end":{"line":51,"column":17}},"13":{"start":{"line":50,"column":20},"end":{"line":50,"column":119}},"14":{"start":{"line":54,"column":12},"end":{"line":54,"column":92}},"15":{"start":{"line":60,"column":0},"end":{"line":66,"column":3}},"16":{"start":{"line":61,"column":4},"end":{"line":65,"column":6}},"17":{"start":{"line":62,"column":8},"end":{"line":62,"column":27}},"18":{"start":{"line":64,"column":8},"end":{"line":64,"column":25}},"19":{"start":{"line":69,"column":0},"end":{"line":84,"column":3}},"20":{"start":{"line":70,"column":4},"end":{"line":83,"column":5}},"21":{"start":{"line":71,"column":32},"end":{"line":71,"column":42}},"22":{"start":{"line":74,"column":25},"end":{"line":74,"column":64}},"23":{"start":{"line":76,"column":8},"end":{"line":78,"column":9}},"24":{"start":{"line":77,"column":12},"end":{"line":77,"column":75}},"25":{"start":{"line":80,"column":8},"end":{"line":80,"column":39}},"26":{"start":{"line":82,"column":8},"end":{"line":82,"column":92}},"27":{"start":{"line":87,"column":0},"end":{"line":99,"column":3}},"28":{"start":{"line":88,"column":29},"end":{"line":88,"column":39}},"29":{"start":{"line":89,"column":4},"end":{"line":89,"column":70}},"30":{"start":{"line":91,"column":4},"end":{"line":98,"column":5}},"31":{"start":{"line":92,"column":22},"end":{"line":92,"column":90}},"32":{"start":{"line":93,"column":8},"end":{"line":93,"column":79}},"33":{"start":{"line":94,"column":8},"end":{"line":94,"column":40}},"34":{"start":{"line":96,"column":8},"end":{"line":96,"column":27}},"35":{"start":{"line":97,"column":8},"end":{"line":97,"column":62}},"36":{"start":{"line":122,"column":0},"end":{"line":173,"column":3}},"37":{"start":{"line":123,"column":4},"end":{"line":172,"column":5}},"38":{"start":{"line":124,"column":19},"end":{"line":124,"column":32}},"39":{"start":{"line":125,"column":8},"end":{"line":127,"column":9}},"40":{"start":{"line":126,"column":12},"end":{"line":126,"column":88}},"41":{"start":{"line":130,"column":8},"end":{"line":135,"column":9}},"42":{"start":{"line":131,"column":12},"end":{"line":134,"column":15}},"43":{"start":{"line":137,"column":31},"end":{"line":150,"column":9}},"44":{"start":{"line":152,"column":32},"end":{"line":156,"column":9}},"45":{"start":{"line":158,"column":8},"end":{"line":160,"column":9}},"46":{"start":{"line":159,"column":12},"end":{"line":159,"column":92}},"47":{"start":{"line":162,"column":8},"end":{"line":165,"column":11}},"48":{"start":{"line":167,"column":8},"end":{"line":167,"column":44}},"49":{"start":{"line":168,"column":8},"end":{"line":171,"column":11}},"50":{"start":{"line":177,"column":0},"end":{"line":186,"column":3}},"51":{"start":{"line":178,"column":15},"end":{"line":178,"column":28}},"52":{"start":{"line":180,"column":4},"end":{"line":185,"column":6}},"53":{"start":{"line":181,"column":8},"end":{"line":181,"column":60}},"54":{"start":{"line":183,"column":8},"end":{"line":183,"column":33}},"55":{"start":{"line":184,"column":8},"end":{"line":184,"column":68}},"56":{"start":{"line":189,"column":0},"end":{"line":219,"column":3}},"57":{"start":{"line":190,"column":4},"end":{"line":218,"column":5}},"58":{"start":{"line":191,"column":26},"end":{"line":191,"column":46}},"59":{"start":{"line":193,"column":8},"end":{"line":198,"column":9}},"60":{"start":{"line":194,"column":12},"end":{"line":197,"column":15}},"61":{"start":{"line":201,"column":23},"end":{"line":204,"column":9}},"62":{"start":{"line":206,"column":8},"end":{"line":210,"column":11}},"63":{"start":{"line":212,"column":8},"end":{"line":212,"column":66}},"64":{"start":{"line":213,"column":8},"end":{"line":217,"column":11}},"65":{"start":{"line":222,"column":0},"end":{"line":260,"column":3}},"66":{"start":{"line":223,"column":4},"end":{"line":259,"column":5}},"67":{"start":{"line":224,"column":19},"end":{"line":224,"column":32}},"68":{"start":{"line":225,"column":48},"end":{"line":225,"column":56}},"69":{"start":{"line":227,"column":8},"end":{"line":229,"column":9}},"70":{"start":{"line":228,"column":12},"end":{"line":228,"column":88}},"71":{"start":{"line":232,"column":8},"end":{"line":237,"column":9}},"72":{"start":{"line":233,"column":12},"end":{"line":236,"column":15}},"73":{"start":{"line":239,"column":32},"end":{"line":243,"column":9}},"74":{"start":{"line":245,"column":8},"end":{"line":247,"column":9}},"75":{"start":{"line":246,"column":12},"end":{"line":246,"column":92}},"76":{"start":{"line":249,"column":8},"end":{"line":252,"column":11}},"77":{"start":{"line":254,"column":8},"end":{"line":254,"column":44}},"78":{"start":{"line":255,"column":8},"end":{"line":258,"column":11}},"79":{"start":{"line":263,"column":0},"end":{"line":299,"column":3}},"80":{"start":{"line":264,"column":4},"end":{"line":298,"column":5}},"81":{"start":{"line":265,"column":19},"end":{"line":265,"column":32}},"82":{"start":{"line":266,"column":8},"end":{"line":268,"column":9}},"83":{"start":{"line":267,"column":12},"end":{"line":267,"column":88}},"84":{"start":{"line":271,"column":8},"end":{"line":276,"column":9}},"85":{"start":{"line":272,"column":12},"end":{"line":275,"column":15}},"86":{"start":{"line":278,"column":32},"end":{"line":282,"column":9}},"87":{"start":{"line":284,"column":8},"end":{"line":286,"column":9}},"88":{"start":{"line":285,"column":12},"end":{"line":285,"column":92}},"89":{"start":{"line":288,"column":8},"end":{"line":291,"column":11}},"90":{"start":{"line":293,"column":8},"end":{"line":293,"column":44}},"91":{"start":{"line":294,"column":8},"end":{"line":297,"column":11}},"92":{"start":{"line":301,"column":0},"end":{"line":301,"column":24}}},"fnMap":{"0":{"name":"(anonymous_0)","decl":{"start":{"line":8,"column":27},"end":{"line":8,"column":28}},"loc":{"start":{"line":8,"column":41},"end":{"line":56,"column":1}},"line":8},"1":{"name":"(anonymous_1)","decl":{"start":{"line":43,"column":14},"end":{"line":43,"column":15}},"loc":{"start":{"line":43,"column":20},"end":{"line":43,"column":107}},"line":43},"2":{"name":"(anonymous_2)","decl":{"start":{"line":44,"column":15},"end":{"line":44,"column":16}},"loc":{"start":{"line":44,"column":24},"end":{"line":55,"column":9}},"line":44},"3":{"name":"(anonymous_3)","decl":{"start":{"line":60,"column":27},"end":{"line":60,"column":28}},"loc":{"start":{"line":60,"column":41},"end":{"line":66,"column":1}},"line":60},"4":{"name":"(anonymous_4)","decl":{"start":{"line":61,"column":25},"end":{"line":61,"column":26}},"loc":{"start":{"line":61,"column":40},"end":{"line":63,"column":5}},"line":61},"5":{"name":"(anonymous_5)","decl":{"start":{"line":63,"column":13},"end":{"line":63,"column":14}},"loc":{"start":{"line":63,"column":22},"end":{"line":65,"column":5}},"line":63},"6":{"name":"(anonymous_6)","decl":{"start":{"line":69,"column":34},"end":{"line":69,"column":35}},"loc":{"start":{"line":69,"column":54},"end":{"line":84,"column":1}},"line":69},"7":{"name":"(anonymous_7)","decl":{"start":{"line":87,"column":47},"end":{"line":87,"column":48}},"loc":{"start":{"line":87,"column":67},"end":{"line":99,"column":1}},"line":87},"8":{"name":"(anonymous_8)","decl":{"start":{"line":122,"column":33},"end":{"line":122,"column":34}},"loc":{"start":{"line":122,"column":53},"end":{"line":173,"column":1}},"line":122},"9":{"name":"(anonymous_9)","decl":{"start":{"line":177,"column":36},"end":{"line":177,"column":37}},"loc":{"start":{"line":177,"column":56},"end":{"line":186,"column":1}},"line":177},"10":{"name":"(anonymous_10)","decl":{"start":{"line":180,"column":46},"end":{"line":180,"column":47}},"loc":{"start":{"line":180,"column":52},"end":{"line":182,"column":5}},"line":180},"11":{"name":"(anonymous_11)","decl":{"start":{"line":182,"column":13},"end":{"line":182,"column":14}},"loc":{"start":{"line":182,"column":22},"end":{"line":185,"column":5}},"line":182},"12":{"name":"(anonymous_12)","decl":{"start":{"line":189,"column":57},"end":{"line":189,"column":58}},"loc":{"start":{"line":189,"column":77},"end":{"line":219,"column":1}},"line":189},"13":{"name":"(anonymous_13)","decl":{"start":{"line":222,"column":39},"end":{"line":222,"column":40}},"loc":{"start":{"line":222,"column":59},"end":{"line":260,"column":1}},"line":222},"14":{"name":"(anonymous_14)","decl":{"start":{"line":263,"column":40},"end":{"line":263,"column":41}},"loc":{"start":{"line":263,"column":60},"end":{"line":299,"column":1}},"line":263}},"branchMap":{"0":{"loc":{"start":{"line":45,"column":12},"end":{"line":52,"column":13}},"type":"if","locations":[{"start":{"line":45,"column":12},"end":{"line":52,"column":13}},{"start":{},"end":{}}],"line":45},"1":{"loc":{"start":{"line":47,"column":16},"end":{"line":51,"column":17}},"type":"if","locations":[{"start":{"line":47,"column":16},"end":{"line":51,"column":17}},{"start":{"line":49,"column":23},"end":{"line":51,"column":17}}],"line":47},"2":{"loc":{"start":{"line":49,"column":23},"end":{"line":51,"column":17}},"type":"if","locations":[{"start":{"line":49,"column":23},"end":{"line":51,"column":17}},{"start":{},"end":{}}],"line":49},"3":{"loc":{"start":{"line":76,"column":8},"end":{"line":78,"column":9}},"type":"if","locations":[{"start":{"line":76,"column":8},"end":{"line":78,"column":9}},{"start":{},"end":{}}],"line":76},"4":{"loc":{"start":{"line":125,"column":8},"end":{"line":127,"column":9}},"type":"if","locations":[{"start":{"line":125,"column":8},"end":{"line":127,"column":9}},{"start":{},"end":{}}],"line":125},"5":{"loc":{"start":{"line":130,"column":8},"end":{"line":135,"column":9}},"type":"if","locations":[{"start":{"line":130,"column":8},"end":{"line":135,"column":9}},{"start":{},"end":{}}],"line":130},"6":{"loc":{"start":{"line":158,"column":8},"end":{"line":160,"column":9}},"type":"if","locations":[{"start":{"line":158,"column":8},"end":{"line":160,"column":9}},{"start":{},"end":{}}],"line":158},"7":{"loc":{"start":{"line":193,"column":8},"end":{"line":198,"column":9}},"type":"if","locations":[{"start":{"line":193,"column":8},"end":{"line":198,"column":9}},{"start":{},"end":{}}],"line":193},"8":{"loc":{"start":{"line":227,"column":8},"end":{"line":229,"column":9}},"type":"if","locations":[{"start":{"line":227,"column":8},"end":{"line":229,"column":9}},{"start":{},"end":{}}],"line":227},"9":{"loc":{"start":{"line":232,"column":8},"end":{"line":237,"column":9}},"type":"if","locations":[{"start":{"line":232,"column":8},"end":{"line":237,"column":9}},{"start":{},"end":{}}],"line":232},"10":{"loc":{"start":{"line":245,"column":8},"end":{"line":247,"column":9}},"type":"if","locations":[{"start":{"line":245,"column":8},"end":{"line":247,"column":9}},{"start":{},"end":{}}],"line":245},"11":{"loc":{"start":{"line":266,"column":8},"end":{"line":268,"column":9}},"type":"if","locations":[{"start":{"line":266,"column":8},"end":{"line":268,"column":9}},{"start":{},"end":{}}],"line":266},"12":{"loc":{"start":{"line":271,"column":8},"end":{"line":276,"column":9}},"type":"if","locations":[{"start":{"line":271,"column":8},"end":{"line":276,"column":9}},{"start":{},"end":{}}],"line":271},"13":{"loc":{"start":{"line":284,"column":8},"end":{"line":286,"column":9}},"type":"if","locations":[{"start":{"line":284,"column":8},"end":{"line":286,"column":9}},{"start":{},"end":{}}],"line":284}},"s":{"0":1,"1":1,"2":1,"3":1,"4":1,"5":0,"6":0,"7":0,"8":0,"9":0,"10":0,"11":0,"12":0,"13":0,"14":0,"15":1,"16":0,"17":0,"18":0,"19":1,"20":0,"21":0,"22":0,"23":0,"24":0,"25":0,"26":0,"27":1,"28":0,"29":0,"30":0,"31":0,"32":0,"33":0,"34":0,"35":0,"36":1,"37":0,"38":0,"39":0,"40":0,"41":0,"42":0,"43":0,"44":0,"45":0,"46":0,"47":0,"48":0,"49":0,"50":1,"51":0,"52":0,"53":0,"54":0,"55":0,"56":1,"57":0,"58":0,"59":0,"60":0,"61":0,"62":0,"63":0,"64":0,"65":1,"66":0,"67":0,"68":0,"69":0,"70":0,"71":0,"72":0,"73":0,"74":0,"75":0,"76":0,"77":0,"78":0,"79":1,"80":0,"81":0,"82":0,"83":0,"84":0,"85":0,"86":0,"87":0,"88":0,"89":0,"90":0,"91":0,"92":1},"f":{"0":0,"1":0,"2":0,"3":0,"4":0,"5":0,"6":0,"7":0,"8":0,"9":0,"10":0,"11":0,"12":0,"13":0,"14":0},"b":{"0":[0,0],"1":[0,0],"2":[0,0],"3":[0,0],"4":[0,0],"5":[0,0],"6":[0,0],"7":[0,0],"8":[0,0],"9":[0,0],"10":[0,0],"11":[0,0],"12":[0,0],"13":[0,0]},"_coverageSchema":"1a1c01bbd47fc00a2c39e90264f33305004495a9","hash":"b0e1b63077b0599ace46637c20647be00df11c85"}
,"F:\\Projects\\2nd file for conflicts\\HRManagement_Backend\\routes\\pdftext.js": {"path":"F:\\Projects\\2nd file for conflicts\\HRManagement_Backend\\routes\\pdftext.js","statementMap":{"0":{"start":{"line":1,"column":11},"end":{"line":1,"column":24}},"1":{"start":{"line":2,"column":13},"end":{"line":2,"column":28}},"2":{"start":{"line":3,"column":17},"end":{"line":3,"column":37}},"3":{"start":{"line":4,"column":16},"end":{"line":4,"column":34}},"4":{"start":{"line":5,"column":15},"end":{"line":5,"column":31}},"5":{"start":{"line":8,"column":4},"end":{"line":21,"column":5}},"6":{"start":{"line":9,"column":29},"end":{"line":9,"column":50}},"7":{"start":{"line":11,"column":8},"end":{"line":13,"column":9}},"8":{"start":{"line":12,"column":12},"end":{"line":12,"column":63}},"9":{"start":{"line":15,"column":27},"end":{"line":15,"column":56}},"10":{"start":{"line":16,"column":21},"end":{"line":16,"column":47}},"11":{"start":{"line":17,"column":8},"end":{"line":17,"column":25}},"12":{"start":{"line":19,"column":8},"end":{"line":19,"column":72}},"13":{"start":{"line":20,"column":8},"end":{"line":20,"column":20}},"14":{"start":{"line":25,"column":0},"end":{"line":38,"column":3}},"15":{"start":{"line":26,"column":4},"end":{"line":37,"column":5}},"16":{"start":{"line":27,"column":24},"end":{"line":27,"column":43}},"17":{"start":{"line":28,"column":21},"end":{"line":28,"column":54}},"18":{"start":{"line":30,"column":8},"end":{"line":34,"column":9}},"19":{"start":{"line":31,"column":12},"end":{"line":31,"column":46}},"20":{"start":{"line":33,"column":12},"end":{"line":33,"column":71}},"21":{"start":{"line":36,"column":8},"end":{"line":36,"column":55}},"22":{"start":{"line":40,"column":0},"end":{"line":40,"column":24}}},"fnMap":{"0":{"name":"extractTextFromPDF","decl":{"start":{"line":7,"column":15},"end":{"line":7,"column":33}},"loc":{"start":{"line":7,"column":43},"end":{"line":22,"column":1}},"line":7},"1":{"name":"(anonymous_1)","decl":{"start":{"line":25,"column":28},"end":{"line":25,"column":29}},"loc":{"start":{"line":25,"column":48},"end":{"line":38,"column":1}},"line":25}},"branchMap":{"0":{"loc":{"start":{"line":11,"column":8},"end":{"line":13,"column":9}},"type":"if","locations":[{"start":{"line":11,"column":8},"end":{"line":13,"column":9}},{"start":{},"end":{}}],"line":11},"1":{"loc":{"start":{"line":30,"column":8},"end":{"line":34,"column":9}},"type":"if","locations":[{"start":{"line":30,"column":8},"end":{"line":34,"column":9}},{"start":{"line":32,"column":15},"end":{"line":34,"column":9}}],"line":30}},"s":{"0":1,"1":1,"2":1,"3":1,"4":1,"5":0,"6":0,"7":0,"8":0,"9":0,"10":0,"11":0,"12":0,"13":0,"14":1,"15":0,"16":0,"17":0,"18":0,"19":0,"20":0,"21":0,"22":1},"f":{"0":0,"1":0},"b":{"0":[0,0],"1":[0,0]},"_coverageSchema":"1a1c01bbd47fc00a2c39e90264f33305004495a9","hash":"75cb82dab93b5754f7558ee934a8160a1096e74e"}
,"F:\\Projects\\2nd file for conflicts\\HRManagement_Backend\\routes\\projects.js": {"path":"F:\\Projects\\2nd file for conflicts\\HRManagement_Backend\\routes\\projects.js","statementMap":{"0":{"start":{"line":2,"column":16},"end":{"line":2,"column":34}},"1":{"start":{"line":3,"column":16},"end":{"line":3,"column":50}},"2":{"start":{"line":4,"column":19},"end":{"line":4,"column":56}},"3":{"start":{"line":5,"column":15},"end":{"line":5,"column":31}},"4":{"start":{"line":8,"column":0},"end":{"line":31,"column":3}},"5":{"start":{"line":9,"column":178},"end":{"line":9,"column":186}},"6":{"start":{"line":11,"column":23},"end":{"line":22,"column":6}},"7":{"start":{"line":24,"column":4},"end":{"line":30,"column":5}},"8":{"start":{"line":25,"column":8},"end":{"line":25,"column":32}},"9":{"start":{"line":26,"column":8},"end":{"line":26,"column":59}},"10":{"start":{"line":28,"column":8},"end":{"line":28,"column":27}},"11":{"start":{"line":29,"column":8},"end":{"line":29,"column":53}},"12":{"start":{"line":34,"column":0},"end":{"line":42,"column":3}},"13":{"start":{"line":35,"column":4},"end":{"line":41,"column":5}},"14":{"start":{"line":36,"column":25},"end":{"line":36,"column":70}},"15":{"start":{"line":37,"column":8},"end":{"line":37,"column":39}},"16":{"start":{"line":39,"column":8},"end":{"line":39,"column":27}},"17":{"start":{"line":40,"column":8},"end":{"line":40,"column":56}},"18":{"start":{"line":45,"column":0},"end":{"line":56,"column":3}},"19":{"start":{"line":46,"column":19},"end":{"line":46,"column":29}},"20":{"start":{"line":48,"column":4},"end":{"line":55,"column":5}},"21":{"start":{"line":49,"column":24},"end":{"line":49,"column":75}},"22":{"start":{"line":50,"column":8},"end":{"line":50,"column":71}},"23":{"start":{"line":50,"column":22},"end":{"line":50,"column":71}},"24":{"start":{"line":51,"column":8},"end":{"line":51,"column":38}},"25":{"start":{"line":53,"column":8},"end":{"line":53,"column":27}},"26":{"start":{"line":54,"column":8},"end":{"line":54,"column":55}},"27":{"start":{"line":59,"column":0},"end":{"line":69,"column":3}},"28":{"start":{"line":60,"column":29},"end":{"line":60,"column":39}},"29":{"start":{"line":62,"column":4},"end":{"line":68,"column":5}},"30":{"start":{"line":63,"column":22},"end":{"line":63,"column":82}},"31":{"start":{"line":64,"column":8},"end":{"line":64,"column":40}},"32":{"start":{"line":66,"column":8},"end":{"line":66,"column":27}},"33":{"start":{"line":67,"column":8},"end":{"line":67,"column":61}},"34":{"start":{"line":73,"column":0},"end":{"line":95,"column":3}},"35":{"start":{"line":74,"column":19},"end":{"line":74,"column":29}},"36":{"start":{"line":75,"column":178},"end":{"line":75,"column":186}},"37":{"start":{"line":77,"column":4},"end":{"line":94,"column":5}},"38":{"start":{"line":78,"column":8},"end":{"line":89,"column":26}},"39":{"start":{"line":90,"column":8},"end":{"line":90,"column":61}},"40":{"start":{"line":92,"column":8},"end":{"line":92,"column":27}},"41":{"start":{"line":93,"column":8},"end":{"line":93,"column":55}},"42":{"start":{"line":98,"column":0},"end":{"line":108,"column":3}},"43":{"start":{"line":99,"column":19},"end":{"line":99,"column":29}},"44":{"start":{"line":101,"column":4},"end":{"line":107,"column":5}},"45":{"start":{"line":102,"column":8},"end":{"line":102,"column":44}},"46":{"start":{"line":103,"column":8},"end":{"line":103,"column":61}},"47":{"start":{"line":105,"column":8},"end":{"line":105,"column":27}},"48":{"start":{"line":106,"column":8},"end":{"line":106,"column":55}},"49":{"start":{"line":110,"column":0},"end":{"line":110,"column":24}}},"fnMap":{"0":{"name":"(anonymous_0)","decl":{"start":{"line":8,"column":21},"end":{"line":8,"column":22}},"loc":{"start":{"line":8,"column":41},"end":{"line":31,"column":1}},"line":8},"1":{"name":"(anonymous_1)","decl":{"start":{"line":34,"column":21},"end":{"line":34,"column":22}},"loc":{"start":{"line":34,"column":41},"end":{"line":42,"column":1}},"line":34},"2":{"name":"(anonymous_2)","decl":{"start":{"line":45,"column":25},"end":{"line":45,"column":26}},"loc":{"start":{"line":45,"column":45},"end":{"line":56,"column":1}},"line":45},"3":{"name":"(anonymous_3)","decl":{"start":{"line":59,"column":47},"end":{"line":59,"column":48}},"loc":{"start":{"line":59,"column":67},"end":{"line":69,"column":1}},"line":59},"4":{"name":"(anonymous_4)","decl":{"start":{"line":73,"column":27},"end":{"line":73,"column":28}},"loc":{"start":{"line":73,"column":47},"end":{"line":95,"column":1}},"line":73},"5":{"name":"(anonymous_5)","decl":{"start":{"line":98,"column":30},"end":{"line":98,"column":31}},"loc":{"start":{"line":98,"column":50},"end":{"line":108,"column":1}},"line":98}},"branchMap":{"0":{"loc":{"start":{"line":50,"column":8},"end":{"line":50,"column":71}},"type":"if","locations":[{"start":{"line":50,"column":8},"end":{"line":50,"column":71}},{"start":{},"end":{}}],"line":50}},"s":{"0":1,"1":1,"2":1,"3":1,"4":1,"5":0,"6":0,"7":0,"8":0,"9":0,"10":0,"11":0,"12":1,"13":0,"14":0,"15":0,"16":0,"17":0,"18":1,"19":0,"20":0,"21":0,"22":0,"23":0,"24":0,"25":0,"26":0,"27":1,"28":0,"29":0,"30":0,"31":0,"32":0,"33":0,"34":1,"35":0,"36":0,"37":0,"38":0,"39":0,"40":0,"41":0,"42":1,"43":0,"44":0,"45":0,"46":0,"47":0,"48":0,"49":1},"f":{"0":0,"1":0,"2":0,"3":0,"4":0,"5":0},"b":{"0":[0,0]},"_coverageSchema":"1a1c01bbd47fc00a2c39e90264f33305004495a9","hash":"3a50c3106ec8e3335d32f34ade930148e2d888dc"}
,"F:\\Projects\\2nd file for conflicts\\HRManagement_Backend\\routes\\vacancies.js": {"path":"F:\\Projects\\2nd file for conflicts\\HRManagement_Backend\\routes\\vacancies.js","statementMap":{"0":{"start":{"line":1,"column":16},"end":{"line":1,"column":34}},"1":{"start":{"line":2,"column":14},"end":{"line":2,"column":49}},"2":{"start":{"line":3,"column":15},"end":{"line":3,"column":31}},"3":{"start":{"line":6,"column":0},"end":{"line":28,"column":3}},"4":{"start":{"line":7,"column":162},"end":{"line":7,"column":170}},"5":{"start":{"line":9,"column":23},"end":{"line":23,"column":6}},"6":{"start":{"line":25,"column":4},"end":{"line":27,"column":42}},"7":{"start":{"line":26,"column":20},"end":{"line":26,"column":45}},"8":{"start":{"line":27,"column":24},"end":{"line":27,"column":40}},"9":{"start":{"line":31,"column":0},"end":{"line":37,"column":2}},"10":{"start":{"line":32,"column":4},"end":{"line":36,"column":6}},"11":{"start":{"line":33,"column":8},"end":{"line":33,"column":27}},"12":{"start":{"line":35,"column":8},"end":{"line":35,"column":25}},"13":{"start":{"line":40,"column":0},"end":{"line":47,"column":2}},"14":{"start":{"line":41,"column":15},"end":{"line":41,"column":28}},"15":{"start":{"line":42,"column":4},"end":{"line":46,"column":6}},"16":{"start":{"line":43,"column":8},"end":{"line":43,"column":25}},"17":{"start":{"line":45,"column":8},"end":{"line":45,"column":25}},"18":{"start":{"line":50,"column":0},"end":{"line":74,"column":2}},"19":{"start":{"line":51,"column":15},"end":{"line":51,"column":28}},"20":{"start":{"line":52,"column":138},"end":{"line":52,"column":146}},"21":{"start":{"line":54,"column":26},"end":{"line":66,"column":5}},"22":{"start":{"line":68,"column":19},"end":{"line":73,"column":6}},"23":{"start":{"line":69,"column":8},"end":{"line":69,"column":59}},"24":{"start":{"line":71,"column":8},"end":{"line":71,"column":25}},"25":{"start":{"line":72,"column":8},"end":{"line":72,"column":68}},"26":{"start":{"line":77,"column":0},"end":{"line":86,"column":2}},"27":{"start":{"line":78,"column":15},"end":{"line":78,"column":28}},"28":{"start":{"line":80,"column":4},"end":{"line":85,"column":6}},"29":{"start":{"line":81,"column":8},"end":{"line":81,"column":59}},"30":{"start":{"line":83,"column":8},"end":{"line":83,"column":33}},"31":{"start":{"line":84,"column":8},"end":{"line":84,"column":68}},"32":{"start":{"line":89,"column":0},"end":{"line":89,"column":24}}},"fnMap":{"0":{"name":"(anonymous_0)","decl":{"start":{"line":6,"column":27},"end":{"line":6,"column":28}},"loc":{"start":{"line":6,"column":41},"end":{"line":28,"column":1}},"line":6},"1":{"name":"(anonymous_1)","decl":{"start":{"line":26,"column":14},"end":{"line":26,"column":15}},"loc":{"start":{"line":26,"column":20},"end":{"line":26,"column":45}},"line":26},"2":{"name":"(anonymous_2)","decl":{"start":{"line":27,"column":15},"end":{"line":27,"column":16}},"loc":{"start":{"line":27,"column":24},"end":{"line":27,"column":40}},"line":27},"3":{"name":"(anonymous_3)","decl":{"start":{"line":31,"column":27},"end":{"line":31,"column":28}},"loc":{"start":{"line":31,"column":41},"end":{"line":37,"column":1}},"line":31},"4":{"name":"(anonymous_4)","decl":{"start":{"line":32,"column":24},"end":{"line":32,"column":25}},"loc":{"start":{"line":32,"column":39},"end":{"line":34,"column":5}},"line":32},"5":{"name":"(anonymous_5)","decl":{"start":{"line":34,"column":13},"end":{"line":34,"column":14}},"loc":{"start":{"line":34,"column":22},"end":{"line":36,"column":5}},"line":34},"6":{"name":"(anonymous_6)","decl":{"start":{"line":40,"column":31},"end":{"line":40,"column":32}},"loc":{"start":{"line":40,"column":45},"end":{"line":47,"column":1}},"line":40},"7":{"name":"(anonymous_7)","decl":{"start":{"line":42,"column":30},"end":{"line":42,"column":31}},"loc":{"start":{"line":42,"column":43},"end":{"line":44,"column":5}},"line":42},"8":{"name":"(anonymous_8)","decl":{"start":{"line":44,"column":13},"end":{"line":44,"column":14}},"loc":{"start":{"line":44,"column":22},"end":{"line":46,"column":5}},"line":44},"9":{"name":"(anonymous_9)","decl":{"start":{"line":50,"column":33},"end":{"line":50,"column":34}},"loc":{"start":{"line":50,"column":53},"end":{"line":74,"column":1}},"line":50},"10":{"name":"(anonymous_10)","decl":{"start":{"line":68,"column":75},"end":{"line":68,"column":76}},"loc":{"start":{"line":68,"column":81},"end":{"line":70,"column":5}},"line":68},"11":{"name":"(anonymous_11)","decl":{"start":{"line":70,"column":13},"end":{"line":70,"column":14}},"loc":{"start":{"line":70,"column":22},"end":{"line":73,"column":5}},"line":70},"12":{"name":"(anonymous_12)","decl":{"start":{"line":77,"column":36},"end":{"line":77,"column":37}},"loc":{"start":{"line":77,"column":56},"end":{"line":86,"column":1}},"line":77},"13":{"name":"(anonymous_13)","decl":{"start":{"line":80,"column":45},"end":{"line":80,"column":46}},"loc":{"start":{"line":80,"column":51},"end":{"line":82,"column":5}},"line":80},"14":{"name":"(anonymous_14)","decl":{"start":{"line":82,"column":13},"end":{"line":82,"column":14}},"loc":{"start":{"line":82,"column":22},"end":{"line":85,"column":5}},"line":82}},"branchMap":{},"s":{"0":1,"1":1,"2":1,"3":1,"4":0,"5":0,"6":0,"7":0,"8":0,"9":1,"10":0,"11":0,"12":0,"13":1,"14":0,"15":0,"16":0,"17":0,"18":1,"19":0,"20":0,"21":0,"22":0,"23":0,"24":0,"25":0,"26":1,"27":0,"28":0,"29":0,"30":0,"31":0,"32":1},"f":{"0":0,"1":0,"2":0,"3":0,"4":0,"5":0,"6":0,"7":0,"8":0,"9":0,"10":0,"11":0,"12":0,"13":0,"14":0},"b":{},"_coverageSchema":"1a1c01bbd47fc00a2c39e90264f33305004495a9","hash":"ba8f4b57a76bd3f8515ab5fa2145ab08772be36a"}
}
